#
# A fatal error has been detected by the Java Runtime Environment:
#
#  EXCEPTION_ACCESS_VIOLATION (0xc0000005) at pc=0x76f8b8a0, pid=30192, tid=0x00006628
#
# JRE version: Java(TM) SE Runtime Environment (8.0_231-b11) (build 1.8.0_231-b11)
# Java VM: Java HotSpot(TM) Server VM (25.231-b11 mixed mode windows-x86 )
# Problematic frame:
# C  [ucrtbase.dll+0x4b8a0]
#
# Failed to write core dump. Minidumps are not enabled by default on client versions of Windows
#
# If you would like to submit a bug report, please visit:
#   http://bugreport.java.com/bugreport/crash.jsp
# The crash happened outside the Java Virtual Machine in native code.
# See problematic frame for where to report the bug.
#

---------------  T H R E A D  ---------------

Current thread (0x07f4cc00):  JavaThread "main" [_thread_in_native, id=26152, stack(0x078a0000,0x079a0000)]

siginfo: ExceptionCode=0xc0000005, reading address 0x00000000

Registers:
EAX=0x00000000, EBX=0x0a554480, ECX=0x00000000, EDX=0x05b6d4a8
ESP=0x0799be9c, EBP=0x0799beb8, ESI=0x0a554480, EDI=0x07f4cc00
EIP=0x76f8b8a0, EFLAGS=0x00010246

Top of Stack: (sp=0x0799be9c)
0x0799be9c:   5ab31690 00000000 0a554480 07f4cc00
0x0799beac:   07c4c640 00000000 00f4cc00 0799bef0
0x0799bebc:   1002eebd 07f4cd40 0799bef8 0799bf00
0x0799becc:   1002ec9a 0799bed0 0a554480 0799bf00
0x0799bedc:   0a558ff8 00000000 0a554480 00000000
0x0799beec:   0799bf00 0799bf28 10024df4 3c53f760
0x0799befc:   1002a9b6 3c60c2a0 3c60c1f8 0799bf08
0x0799bf0c:   0a56d3ef 0799bf30 0a56db10 00000000 

Instructions: (pc=0x76f8b8a0)
0x76f8b880:   01 84 c0 74 4e f7 c1 03 00 00 00 75 ef 05 00 00
0x76f8b890:   00 00 8d a4 24 00 00 00 00 8d a4 24 00 00 00 00
0x76f8b8a0:   8b 01 ba ff fe fe 7e 03 d0 83 f0 ff 33 c2 83 c1
0x76f8b8b0:   04 a9 00 01 01 81 74 e8 8b 41 fc 84 c0 74 32 84 


Register to memory mapping:

EAX=0x00000000 is an unknown value
EBX={method} {0x0a554484} 'eval_string' '(Ljava/lang/String;)Ljava/lang/String;' in 'lrapi/lr'
ECX=0x00000000 is an unknown value
EDX=0x05b6d4a8 is an unknown value
ESP=0x0799be9c is pointing into the stack for thread: 0x07f4cc00
EBP=0x0799beb8 is pointing into the stack for thread: 0x07f4cc00
ESI={method} {0x0a554484} 'eval_string' '(Ljava/lang/String;)Ljava/lang/String;' in 'lrapi/lr'
EDI=0x07f4cc00 is a thread


Stack: [0x078a0000,0x079a0000],  sp=0x0799be9c,  free space=1007k
Native frames: (J=compiled Java code, j=interpreted, Vv=VM code, C=native code)
C  [ucrtbase.dll+0x4b8a0]
j  lrapi.lr.eval_string(Ljava/lang/String;)Ljava/lang/String;+0
j  Actions.<init>()V+31
v  ~StubRoutines::call_stub
C  0x5a1e10a5
C  0x5a2b7ffe
C  0x5a1e113e
C  0x5a1edc68
C  0x5a1ee011
C  0x5a182068
C  0x5abe35a3
j  sun.reflect.NativeConstructorAccessorImpl.newInstance([Ljava/lang/Object;)Ljava/lang/Object;+85
j  sun.reflect.DelegatingConstructorAccessorImpl.newInstance([Ljava/lang/Object;)Ljava/lang/Object;+5
j  java.lang.reflect.Constructor.newInstance([Ljava/lang/Object;)Ljava/lang/Object;+79
j  java.lang.Class.newInstance()Ljava/lang/Object;+138
j  com.hpe.lr.java.replay.ScriptContainer.<init>(Ljava/lang/String;Ljava/lang/String;)V+28
j  com.hpe.lr.java.replay.ScriptFactory.getScriptObject(Ljava/lang/String;Ljava/lang/String;)Ljava/lang/Object;+54
v  ~StubRoutines::call_stub
C  0x5a1e10a5
C  0x5a2b7ffe
C  0x5a1e113e
C  0x5a15abab
C  0x5a15c59c
C  [java_int.dll+0xbdfe]
C  [java_int.dll+0x18ca0]
C  [java_int.dll+0x18f95]
C  [java_int.dll+0x1d5a2]
C  [java_int.dll+0x204af]
C  [driver.dll+0xe8bf]
C  [driver.dll+0x1e286]
C  [driver.dll+0x1e71f]
C  [driver.dll+0x8a0b]
C  [driver.dll+0x7a08]
C  [driver.dll+0xcfca]
C  [driver.dll+0x7614]
C  0x04ba9177
C  0x04ba8f81
C  0x04ba8e95
C  0x04ba8d43
C  [mscorlib.ni.dll+0x3d2e01]
C  [mscorlib.ni.dll+0x3f8604]
C  [mscorlib.ni.dll+0x3f8537]
C  [mscorlib.ni.dll+0x3f84f4]
C  [mscorlib.ni.dll+0x3d2d5b]
C  [clr.dll+0xf056]
C  [clr.dll+0x1235a]
C  [clr.dll+0x1859b]
C  [clr.dll+0x1033c7]
C  [clr.dll+0x1bd95e]
C  [clr.dll+0x1bd9e9]
C  [clr.dll+0x1bd8d9]
C  [clr.dll+0x1bdac9]
C  [clr.dll+0x103278]
C  [clr.dll+0x1ba8b7]
C  [KERNEL32.dll+0x20419]
C  [ntdll.dll+0x6662d]
C  [ntdll.dll+0x665fd]
C  0x00000000

Java frames: (J=compiled Java code, j=interpreted, Vv=VM code)
j  lrapi.lr.eval_string(Ljava/lang/String;)Ljava/lang/String;+0
j  Actions.<init>()V+31
v  ~StubRoutines::call_stub
j  sun.reflect.NativeConstructorAccessorImpl.newInstance0(Ljava/lang/reflect/Constructor;[Ljava/lang/Object;)Ljava/lang/Object;+0
j  sun.reflect.NativeConstructorAccessorImpl.newInstance([Ljava/lang/Object;)Ljava/lang/Object;+85
j  sun.reflect.DelegatingConstructorAccessorImpl.newInstance([Ljava/lang/Object;)Ljava/lang/Object;+5
j  java.lang.reflect.Constructor.newInstance([Ljava/lang/Object;)Ljava/lang/Object;+79
j  java.lang.Class.newInstance()Ljava/lang/Object;+138
j  com.hpe.lr.java.replay.ScriptContainer.<init>(Ljava/lang/String;Ljava/lang/String;)V+28
j  com.hpe.lr.java.replay.ScriptFactory.getScriptObject(Ljava/lang/String;Ljava/lang/String;)Ljava/lang/Object;+54
v  ~StubRoutines::call_stub

---------------  P R O C E S S  ---------------

Java Threads: ( => current thread )
  0x0a952800 JavaThread "Service Thread" daemon [_thread_blocked, id=29840, stack(0x0b4e0000,0x0b5e0000)]
  0x0a8f4400 JavaThread "C1 CompilerThread2" daemon [_thread_blocked, id=15904, stack(0x0b3a0000,0x0b4a0000)]
  0x0a8ebc00 JavaThread "C2 CompilerThread1" daemon [_thread_blocked, id=31432, stack(0x0b260000,0x0b360000)]
  0x0a8fa400 JavaThread "C2 CompilerThread0" daemon [_thread_blocked, id=31992, stack(0x0b120000,0x0b220000)]
  0x0a8f8c00 JavaThread "Attach Listener" daemon [_thread_blocked, id=32312, stack(0x0afe0000,0x0b0e0000)]
  0x0a8f7c00 JavaThread "Signal Dispatcher" daemon [_thread_blocked, id=32316, stack(0x0aea0000,0x0afa0000)]
  0x0a8d8c00 JavaThread "Finalizer" daemon [_thread_blocked, id=644, stack(0x0ac60000,0x0ad60000)]
  0x0a8d3400 JavaThread "Reference Handler" daemon [_thread_blocked, id=32400, stack(0x0ab20000,0x0ac20000)]
=>0x07f4cc00 JavaThread "main" [_thread_in_native, id=26152, stack(0x078a0000,0x079a0000)]

Other Threads:
  0x07f3b800 VMThread [stack: 0x0a9e0000,0x0aae0000] [id=32248]
  0x0a965000 WatcherThread [stack: 0x0b620000,0x0b720000] [id=32320]

VM state:not at safepoint (normal execution)

VM Mutex/Monitor currently owned by a thread: None

Heap:
 PSYoungGen      total 19200K, used 1364K [0x3c4c0000, 0x3da00000, 0x4ae00000)
  eden space 16640K, 8% used [0x3c4c0000,0x3c6150d8,0x3d500000)
  from space 2560K, 0% used [0x3d780000,0x3d780000,0x3da00000)
  to   space 2560K, 0% used [0x3d500000,0x3d500000,0x3d780000)
 ParOldGen       total 43776K, used 0K [0x1f200000, 0x21cc0000, 0x3c4c0000)
  object space 43776K, 0% used [0x1f200000,0x1f200000,0x21cc0000)
 Metaspace       used 1950K, capacity 2370K, committed 2496K, reserved 4480K

Card table byte_map: [0x08310000,0x08470000] byte_map_base: 0x08217000

Marking Bits: (ParMarkBitMap*) 0x5a62ac30
 Begin Bits: [0x08a60000, 0x09550000)
 End Bits:   [0x09550000, 0x0a040000)

Polling page: 0x07e10000

CodeCache: size=245760Kb used=764Kb max_used=775Kb free=244995Kb
 bounds [0x10020000, 0x10260000, 0x1f020000]
 total_blobs=230 nmethods=70 adapters=74
 compilation: enabled

Compilation events (10 events):
Event: 0.120 Thread 0x0a8f4400   65       3       sun.misc.MetaIndex::mayContain (51 bytes)
Event: 0.120 Thread 0x0a8f4400 nmethod 65 0x100dd108 code [0x100dd260, 0x100dd758]
Event: 0.120 Thread 0x0a8f4400   66       1       java.net.URL::getUserInfo (5 bytes)
Event: 0.120 Thread 0x0a8f4400 nmethod 66 0x100dd9c8 code [0x100ddac0, 0x100ddb60]
Event: 0.121 Thread 0x0a8f4400   67       3       java.util.concurrent.ConcurrentHashMap::setTabAt (19 bytes)
Event: 0.121 Thread 0x0a8f4400 nmethod 67 0x100dde88 code [0x100ddf80, 0x100de060]
Event: 0.122 Thread 0x0a8f4400   69   !   3       sun.misc.URLClassPath$JarLoader::getResource (85 bytes)
Event: 0.122 Thread 0x0a8fa400   70       4       java.lang.String::indexOf (70 bytes)
Event: 0.122 Thread 0x0a8f4400 nmethod 69 0x100de0c8 code [0x100de2a0, 0x100de920]
Event: 0.124 Thread 0x0a8fa400 nmethod 70 0x100e1ac8 code [0x100e1bc0, 0x100e1d30]

GC Heap History (0 events):
No events

Deoptimization events (0 events):
No events

Classes redefined (0 events):
No events

Internal exceptions (7 events):
Event: 0.022 Thread 0x07f4cc00 Exception <a 'java/lang/NoSuchMethodError': Method sun.misc.Unsafe.defineClass(Ljava/lang/String;[BII)Ljava/lang/Class; name or signature does not match> (0x3c4c6eb0) thrown at [C:\re\workspace\8-2-build-windows-i586-cygwin\jdk8u231\13620\hotspot\src\shar
Event: 0.022 Thread 0x07f4cc00 Exception <a 'java/lang/NoSuchMethodError': Method sun.misc.Unsafe.prefetchRead(Ljava/lang/Object;J)V name or signature does not match> (0x3c4c7180) thrown at [C:\re\workspace\8-2-build-windows-i586-cygwin\jdk8u231\13620\hotspot\src\share\vm\prims\jni.cpp
Event: 0.111 Thread 0x07f4cc00 Exception <a 'java/security/PrivilegedActionException'> (0x3c5cb2f0) thrown at [C:\re\workspace\8-2-build-windows-i586-cygwin\jdk8u231\13620\hotspot\src\share\vm\prims\jvm.cpp, line 1502]
Event: 0.111 Thread 0x07f4cc00 Exception <a 'java/security/PrivilegedActionException'> (0x3c5cb4f0) thrown at [C:\re\workspace\8-2-build-windows-i586-cygwin\jdk8u231\13620\hotspot\src\share\vm\prims\jvm.cpp, line 1502]
Event: 0.116 Thread 0x07f4cc00 Exception <a 'java/io/IOException'> (0x3c5dd2a0) thrown at [C:\re\workspace\8-2-build-windows-i586-cygwin\jdk8u231\13620\hotspot\src\share\vm\prims\jni.cpp, line 710]
Event: 0.116 Thread 0x07f4cc00 Exception <a 'java/io/IOException'> (0x3c5dd5a8) thrown at [C:\re\workspace\8-2-build-windows-i586-cygwin\jdk8u231\13620\hotspot\src\share\vm\prims\jni.cpp, line 710]
Event: 0.116 Thread 0x07f4cc00 Exception <a 'java/io/IOException'> (0x3c5dd810) thrown at [C:\re\workspace\8-2-build-windows-i586-cygwin\jdk8u231\13620\hotspot\src\share\vm\prims\jni.cpp, line 710]

Events (10 events):
Event: 0.120 loading class java/io/DataInput done
Event: 0.120 loading class java/io/ObjectInput done
Event: 0.120 loading class mercio/MercObjectStreamConstants
Event: 0.120 loading class mercio/MercObjectStreamConstants done
Event: 0.121 loading class java/lang/Void
Event: 0.121 loading class java/lang/Void done
Event: 0.122 loading class com/hpe/lr/java/replay/ScriptContainer
Event: 0.122 loading class com/hpe/lr/java/replay/ScriptContainer done
Event: 0.122 loading class Actions
Event: 0.122 loading class Actions done


Dynamic libraries:
0x00110000 - 0x0011a000 	C:\Program Files (x86)\Micro Focus\LoadRunner\bin\HP.Utt.StandaloneDebugger.exe
0x771e0000 - 0x7737c000 	C:\Windows\SYSTEM32\ntdll.dll
0x74620000 - 0x74673000 	C:\Windows\SYSTEM32\MSCOREE.DLL
0x748e0000 - 0x749c0000 	C:\Windows\System32\KERNEL32.dll
0x75740000 - 0x75939000 	C:\Windows\System32\KERNELBASE.dll
0x75f90000 - 0x7600e000 	C:\Windows\System32\ADVAPI32.dll
0x76a80000 - 0x76b40000 	C:\Windows\System32\msvcrt.dll
0x76940000 - 0x769b9000 	C:\Windows\System32\sechost.dll
0x769c0000 - 0x76a7f000 	C:\Windows\System32\RPCRT4.dll
0x74840000 - 0x74860000 	C:\Windows\System32\SspiCli.dll
0x74830000 - 0x7483a000 	C:\Windows\System32\CRYPTBASE.dll
0x75010000 - 0x75072000 	C:\Windows\System32\bcryptPrimitives.dll
0x74590000 - 0x7461d000 	C:\Windows\Microsoft.NET\Framework\v4.0.30319\mscoreei.dll
0x770d0000 - 0x77114000 	C:\Windows\System32\SHLWAPI.dll
0x76130000 - 0x763a8000 	C:\Windows\System32\combase.dll
0x76f40000 - 0x77062000 	C:\Windows\System32\ucrtbase.dll
0x763b0000 - 0x763d3000 	C:\Windows\System32\GDI32.dll
0x76b90000 - 0x76cf6000 	C:\Windows\System32\gdi32full.dll
0x74860000 - 0x748e0000 	C:\Windows\System32\msvcp_win.dll
0x75510000 - 0x756aa000 	C:\Windows\System32\USER32.dll
0x75360000 - 0x75377000 	C:\Windows\System32\win32u.dll
0x76ea0000 - 0x76ec5000 	C:\Windows\System32\IMM32.DLL
0x77120000 - 0x7712f000 	C:\Windows\System32\kernel.appcore.dll
0x74680000 - 0x74688000 	C:\Windows\SYSTEM32\VERSION.dll
0x73de0000 - 0x74590000 	C:\Windows\Microsoft.NET\Framework\v4.0.30319\clr.dll
0x746c0000 - 0x746d4000 	C:\Windows\SYSTEM32\VCRUNTIME140_CLR0400.dll
0x73d30000 - 0x73ddb000 	C:\Windows\SYSTEM32\ucrtbase_clr0400.dll
0x72920000 - 0x73d2e000 	C:\Windows\assembly\NativeImages_v4.0.30319_32\mscorlib\c7625296f6cee933f010d4fca91738db\mscorlib.ni.dll
0x76010000 - 0x7610c000 	C:\Windows\System32\ole32.dll
0x76110000 - 0x76122000 	C:\Windows\System32\CRYPTSP.dll
0x72890000 - 0x728bf000 	C:\Windows\system32\rsaenh.dll
0x74ff0000 - 0x75009000 	C:\Windows\System32\bcrypt.dll
0x70b40000 - 0x70bc9000 	C:\Windows\Microsoft.NET\Framework\v4.0.30319\clrjit.dll
0x75a40000 - 0x75ad6000 	C:\Windows\System32\OLEAUT32.dll
0x6fca0000 - 0x706f5000 	C:\Windows\assembly\NativeImages_v4.0.30319_32\System\54b2571744a56946982b651b14ecf5ec\System.ni.dll
0x6faf0000 - 0x6fc93000 	C:\Windows\assembly\NativeImages_v4.0.30319_32\System.Drawing\be669834f42192f2df41ecce88f9816e\System.Drawing.ni.dll
0x6ec80000 - 0x6fae6000 	C:\Windows\assembly\NativeImages_v4.0.30319_32\System.Windows.Forms\e0b5caa9575d51d59093184437b934a9\System.Windows.Forms.ni.dll
0x6e460000 - 0x6ec78000 	C:\Windows\assembly\NativeImages_v4.0.30319_32\System.Core\23f0546eab993b34e0a4b0ae02c384be\System.Core.ni.dll
0x6ce10000 - 0x6cf15000 	C:\Windows\assembly\NativeImages_v4.0.30319_32\System.Configuration\a9130817ab26a9fe787d9c249848c318\System.Configuration.ni.dll
0x6c270000 - 0x6c9e4000 	C:\Windows\assembly\NativeImages_v4.0.30319_32\System.Xml\3348d0a3ec009371d8eae081dbfb8abd\System.Xml.ni.dll
0x763e0000 - 0x76933000 	C:\Windows\System32\shell32.dll
0x76b50000 - 0x76b8b000 	C:\Windows\System32\cfgmgr32.dll
0x750d0000 - 0x75159000 	C:\Windows\System32\shcore.dll
0x749f0000 - 0x74fee000 	C:\Windows\System32\windows.storage.dll
0x749c0000 - 0x749dc000 	C:\Windows\System32\profapi.dll
0x76ed0000 - 0x76f24000 	C:\Windows\System32\powrprof.dll
0x6cf20000 - 0x6e328000 	C:\Windows\assembly\NativeImages_v4.0.30319_32\System.ServiceModel\b966bc7a63ba6ab25af2cac7ce62b77c\System.ServiceModel.ni.dll
0x5ba20000 - 0x5ba40000 	C:\Windows\assembly\NativeImages_v4.0.30319_32\SMDiagnostics\b737aaa27aed54dd033aa4affe99d8e6\SMDiagnostics.ni.dll
0x5b950000 - 0x5ba1c000 	C:\Windows\assembly\NativeImages_v4.0.30319_32\System.Servd1dec626#\e8a6508dceeb05710dcaa8a6acdae55b\System.ServiceModel.Internals.ni.dll
0x60780000 - 0x60a54000 	C:\Windows\assembly\NativeImages_v4.0.30319_32\System.Runteb92aa12#\1f46703bc6f88ba5a4a598a42fc2aced\System.Runtime.Serialization.ni.dll
0x76b40000 - 0x76b46000 	C:\Windows\System32\psapi.dll
0x71900000 - 0x71abe000 	C:\Windows\SYSTEM32\urlmon.dll
0x716d0000 - 0x718ff000 	C:\Windows\SYSTEM32\iertutil.dll
0x71b90000 - 0x71d0f000 	C:\Windows\SYSTEM32\PROPSYS.dll
0x5c0c0000 - 0x5c178000 	C:\Windows\assembly\NativeImages_v4.0.30319_32\System.Transactions\d6bc47a480ccaf237938e2b9a7a322f0\System.Transactions.ni.dll
0x5c070000 - 0x5c0bc000 	C:\Windows\Microsoft.Net\assembly\GAC_32\System.Transactions\v4.0_4.0.0.0__b77a5c561934e089\System.Transactions.dll
0x5b920000 - 0x5b948000 	C:\Program Files (x86)\Micro Focus\LoadRunner\bin\cci_debugger.dll
0x727b0000 - 0x727c5000 	C:\Windows\SYSTEM32\VCRUNTIME140.dll
0x70aa0000 - 0x70aa8000 	C:\Program Files (x86)\Micro Focus\LoadRunner\bin\wrapicu.dll
0x5b8e0000 - 0x5b91c000 	C:\Program Files (x86)\Micro Focus\LoadRunner\bin\driver.dll
0x5b8d0000 - 0x5b8dc000 	C:\Program Files (x86)\Micro Focus\LoadRunner\bin\cci_debugger_ext.dll
0x726d0000 - 0x7273d000 	C:\Windows\SYSTEM32\MSVCP140.dll
0x64910000 - 0x64a32000 	C:\Program Files (x86)\Micro Focus\LoadRunner\bin\icuuc55.dll
0x5b8c0000 - 0x5b8cc000 	C:\Program Files (x86)\Micro Focus\LoadRunner\bin\lr_exp.dll
0x64a40000 - 0x64a64000 	C:\Program Files (x86)\Micro Focus\LoadRunner\bin\mosifs32.dll
0x70a80000 - 0x70a8a000 	C:\Program Files (x86)\Micro Focus\LoadRunner\bin\thrdutil.dll
0x5b8b0000 - 0x5b8bb000 	C:\Program Files (x86)\Micro Focus\LoadRunner\bin\cyclic_ds.dll
0x5b890000 - 0x5b8a3000 	C:\Program Files (x86)\Micro Focus\LoadRunner\bin\libresponse.dll
0x77070000 - 0x770cf000 	C:\Windows\System32\WS2_32.dll
0x5c4f0000 - 0x5c4fa000 	C:\Program Files (x86)\Micro Focus\LoadRunner\bin\mlib_ds.dll
0x5b860000 - 0x5b890000 	C:\Program Files (x86)\Micro Focus\LoadRunner\bin\mchan.dll
0x5c500000 - 0x5c50b000 	C:\Program Files (x86)\Micro Focus\LoadRunner\bin\msg_handler.dll
0x5c4d0000 - 0x5c4e8000 	C:\Program Files (x86)\Micro Focus\LoadRunner\bin\config.dll
0x5b7a0000 - 0x5b7c2000 	C:\Program Files (x86)\Micro Focus\LoadRunner\bin\two_way_comm.dll
0x5b7d0000 - 0x5b85d000 	C:\Program Files (x86)\Micro Focus\LoadRunner\bin\launcher.dll
0x5c290000 - 0x5c2c1000 	C:\Program Files (x86)\Micro Focus\LoadRunner\bin\comm_util.dll
0x5c3e0000 - 0x5c3e8000 	C:\Program Files (x86)\Micro Focus\LoadRunner\bin\xdr.dll
0x5c4c0000 - 0x5c4d0000 	C:\Program Files (x86)\Micro Focus\LoadRunner\bin\libxdrutil.dll
0x5b780000 - 0x5b794000 	C:\Program Files (x86)\Micro Focus\LoadRunner\bin\mlogger.dll
0x5b770000 - 0x5b77a000 	C:\Program Files (x86)\Micro Focus\LoadRunner\bin\rtc_client.dll
0x72780000 - 0x727a4000 	C:\Windows\SYSTEM32\USERENV.dll
0x72740000 - 0x72773000 	C:\Windows\SYSTEM32\IPHLPAPI.DLL
0x5b5e0000 - 0x5b761000 	C:\Program Files (x86)\Micro Focus\LoadRunner\bin\dbghelp.dll
0x5c230000 - 0x5c239000 	C:\Program Files (x86)\Micro Focus\LoadRunner\bin\libmemmap.dll
0x5b5d0000 - 0x5b5d8000 	C:\Program Files (x86)\Micro Focus\LoadRunner\bin\merc_uuid.dll
0x5b5a0000 - 0x5b5c5000 	C:\Program Files (x86)\Micro Focus\LoadRunner\bin\libgd.dll
0x5b590000 - 0x5b597000 	C:\Program Files (x86)\Micro Focus\LoadRunner\bin\libpvc.dll
0x5b570000 - 0x5b585000 	C:\Program Files (x86)\Micro Focus\LoadRunner\bin\security_protocols.dll
0x5b560000 - 0x5b569000 	C:\Program Files (x86)\Micro Focus\LoadRunner\bin\security_encryption.dll
0x5b550000 - 0x5b55a000 	C:\Program Files (x86)\Micro Focus\LoadRunner\bin\key_storage.dll
0x5b540000 - 0x5b548000 	C:\Program Files (x86)\Micro Focus\LoadRunner\bin\key_handler.dll
0x5b520000 - 0x5b52a000 	C:\Program Files (x86)\Micro Focus\LoadRunner\bin\libtpq.dll
0x5b530000 - 0x5b53d000 	C:\Program Files (x86)\Micro Focus\LoadRunner\bin\leader_election.dll
0x5b510000 - 0x5b517000 	C:\Program Files (x86)\Micro Focus\LoadRunner\bin\mictime.dll
0x5c2d0000 - 0x5c2dd000 	C:\Program Files (x86)\Micro Focus\LoadRunner\bin\rtc_protocol.dll
0x5b4b0000 - 0x5b4bf000 	C:\Program Files (x86)\Micro Focus\LoadRunner\bin\key_repository.dll
0x5b4c0000 - 0x5b506000 	C:\Program Files (x86)\Micro Focus\LoadRunner\bin\lwc_cryptolib.dll
0x5b480000 - 0x5b4a4000 	C:\Program Files (x86)\Micro Focus\LoadRunner\bin\dbgcore.DLL
0x05ed0000 - 0x07788000 	C:\Program Files (x86)\Micro Focus\LoadRunner\bin\icudt55.dll
0x5cde0000 - 0x5cdf1000 	C:\Program Files (x86)\Micro Focus\LoadRunner\bin\parameng.dll
0x5c4b0000 - 0x5c4bb000 	C:\Program Files (x86)\Micro Focus\LoadRunner\bin\run_time_context.dll
0x5b460000 - 0x5b47c000 	C:\Program Files (x86)\Micro Focus\LoadRunner\bin\bugslayerutil.dll
0x5be80000 - 0x5bf44000 	C:\Windows\assembly\NativeImages_v4.0.30319_32\System.Ente96d83b35#\e410710951a0bb29a9d4408277507116\System.EnterpriseServices.ni.dll
0x5be00000 - 0x5be41000 	C:\Windows\assembly\NativeImages_v4.0.30319_32\System.Ente96d83b35#\e410710951a0bb29a9d4408277507116\System.EnterpriseServices.Wrapper.dll
0x5be50000 - 0x5be71000 	C:\Windows\Microsoft.Net\assembly\GAC_32\System.EnterpriseServices\v4.0_4.0.0.0__b03f5f7f11d50a3a\System.EnterpriseServices.Wrapper.dll
0x72160000 - 0x721db000 	C:\Windows\system32\uxtheme.dll
0x5b450000 - 0x5b45a000 	C:\Program Files (x86)\Micro Focus\LoadRunner\bin\crash_handler_dlg.dll
0x5afc0000 - 0x5b450000 	C:\Windows\SYSTEM32\mfc140u.dll
0x756b0000 - 0x75731000 	C:\Windows\System32\clbcatq.dll
0x10000000 - 0x10018000 	C:\Program Files (x86)\Micro Focus\LoadRunner\al_agent\bin\lrcrashhandler.dll
0x5afb0000 - 0x5afba000 	C:\Program Files (x86)\Micro Focus\LoadRunner\bin\vusr_log.dll
0x5af80000 - 0x5afa8000 	C:\Program Files (x86)\Micro Focus\LoadRunner\bin\trans.dll
0x5af50000 - 0x5af75000 	C:\Program Files (x86)\Micro Focus\LoadRunner\bin\libdatatypes.dll
0x5af20000 - 0x5af42000 	C:\Program Files (x86)\Micro Focus\LoadRunner\bin\data_types_ifs.dll
0x5aef0000 - 0x5af18000 	C:\Program Files (x86)\Micro Focus\LoadRunner\bin\trans_server.dll
0x5aee0000 - 0x5aee8000 	C:\Program Files (x86)\Micro Focus\LoadRunner\bin\ipng_utils.dll
0x5aed0000 - 0x5aeda000 	C:\Program Files (x86)\Micro Focus\LoadRunner\bin\timediff_ext.dll
0x5aeb0000 - 0x5aeca000 	C:\Program Files (x86)\Micro Focus\LoadRunner\bin\wrapzlib.dll
0x5aea0000 - 0x5aea9000 	C:\Program Files (x86)\Micro Focus\LoadRunner\bin\jrequestor_srv.dll
0x5ae90000 - 0x5ae9b000 	C:\Program Files (x86)\Micro Focus\LoadRunner\bin\dc_requests.dll
0x5ae80000 - 0x5ae87000 	C:\Program Files (x86)\Micro Focus\LoadRunner\bin\zext.dll
0x5ae50000 - 0x5ae80000 	C:\Program Files (x86)\Micro Focus\LoadRunner\bin\java_int.dll
0x5ae40000 - 0x5ae50000 	C:\Program Files (x86)\Micro Focus\LoadRunner\bin\jenvutils.dll
0x5ae10000 - 0x5ae1c000 	C:\Program Files (x86)\Micro Focus\LoadRunner\bin\java_search.dll
0x5ae20000 - 0x5ae40000 	C:\Program Files (x86)\Micro Focus\LoadRunner\bin\lrun50.dll
0x5c470000 - 0x5c484000 	C:\Program Files (x86)\Micro Focus\LoadRunner\bin\runlogic.dll
0x5ae00000 - 0x5ae09000 	C:\Program Files (x86)\Micro Focus\LoadRunner\bin\faserver.dll
0x5ba50000 - 0x5ba58000 	C:\Windows\SYSTEM32\WSOCK32.dll

VM Arguments:
jvm_args: -Dmdrv.launcher=1 -Xverify:none -Djava.security.policy=C:\Program Files (x86)\Micro Focus\LoadRunner/classes/security/recorder.policy 
java_command: <unknown>
java_class_path (initial): C:\Users\student\XDesk\UC02_Change_Status\;C:\Program Files (x86)\Micro Focus\LoadRunner/classes;C:\Program Files (x86)\Micro Focus\LoadRunner/classes/srv;C:\Program Files (x86)\Micro Focus\LoadRunner/classes/srv/additional_classes;;C:\Program Files (x86)\Micro Focus\LoadRunner/lib/xstream-1.4.10.jar;C:\Program Files (x86)\Micro Focus\LoadRunner/lib/xpp3-1.1.4c.jar;C:\Program Files (x86)\Micro Focus\LoadRunner/lib/common-java-rr.jar;C:\Tools\ojdbc8.jar;;;;
Launcher Type: generic

Environment Variables:
PATH=C:\Program Files (x86)\Micro Focus\LoadRunner\bin\NativeBinaries\x86;C:\Program Files (x86)\Micro Focus\LoadRunner\Bin;C:\Program Files (x86)\Micro Focus\LoadRunner\Bin\tulip\bin;C:\ProgramData\DockerDesktop\version-bin;C:\Program Files\Docker\Docker\Resources\bin;C:\Program Files\HPE\NV\lib\shunra\vcat;C:\Program Files (x86)\Common Files\Oracle\Java\javapath;C:\Windows\system32;C:\Windows;C:\Windows\System32\Wbem;C:\Windows\System32\WindowsPowerShell\v1.0\;C:\Windows\System32\OpenSSH\;C:\strawberry\c\bin;C:\strawberry\perl\bin;C:\Program Files\Git\cmd;C:\Users\student\AppData\Local\Microsoft\WindowsApps;;C:\Users\student\AppData\Local\Programs\Fiddler
USERNAME=student
OS=Windows_NT
PROCESSOR_IDENTIFIER=Intel64 Family 6 Model 158 Stepping 11, GenuineIntel



---------------  S Y S T E M  ---------------

OS: Windows 10.0 , 64 bit Build 17763 (10.0.17763.475)

CPU:total 4 (initial active 4) (4 cores per cpu, 1 threads per core) family 6 model 158 stepping 11, cmov, cx8, fxsr, mmx, sse, sse2, sse3, ssse3, sse4.1, sse4.2, popcnt, avx, avx2, aes, clmul, erms, 3dnowpref, lzcnt, tsc, tscinvbit, bmi1, bmi2, adx

Memory: 4k page, physical 8036576k(1561080k free), swap 12112324k(1886224k free)

vm_info: Java HotSpot(TM) Server VM (25.231-b11) for windows-x86 JRE (1.8.0_231-b11), built on Oct  5 2019 03:17:31 by "java_re" with MS VC++ 10.0 (VS2010)

time: Thu Dec 05 11:58:14 2019
timezone: RTZ 2 (зима)
elapsed time: 1 seconds (0d 0h 0m 1s)

